2026-03-22T10:40:23 | INFO     | [ARCHIVE_MGR   ] INIT                   hsm_key=0d3e3f22…1eb9c4
2026-03-22T10:40:34 | INFO     | [EPOCH_ARCHIVE ] ARCHIVE                epoch=0 tier=HOT
2026-03-22T10:40:34 | INFO     | [ARCHIVE_MGR   ] EPOCH_ARCHIVED         epoch=0 tier=HOT
2026-03-22T10:40:39 | WARNING  | [EPOCH_ARCHIVE ] RETRIEVE_MISS          epoch=1
2026-03-22T10:40:39 | WARNING  | [ARCHIVE_MGR   ] EPOCH_MISS             epoch=1
2026-03-22T10:40:52 | WARNING  | [EPOCH_ARCHIVE ] RETRIEVE_MISS          epoch=1
2026-03-22T10:40:52 | WARNING  | [ARCHIVE_MGR   ] EPOCH_MISS             epoch=1
2026-03-22T10:41:03 | WARNING  | [EPOCH_ARCHIVE ] RETRIEVE_MISS          epoch=1
2026-03-22T10:41:03 | WARNING  | [ARCHIVE_MGR   ] EPOCH_MISS             epoch=1
2026-03-22T10:41:24 | WARNING  | [EPOCH_ARCHIVE ] RETRIEVE_MISS          epoch=1
2026-03-22T10:41:24 | WARNING  | [ARCHIVE_MGR   ] EPOCH_MISS             epoch=1
2026-03-22T10:41:24 | WARNING  | [EPOCH_ARCHIVE ] RETRIEVE_MISS          epoch=1
2026-03-22T10:41:24 | WARNING  | [ARCHIVE_MGR   ] EPOCH_MISS             epoch=1
2026-03-22T10:41:34 | INFO     | [EPOCH_ARCHIVE ] RETRIEVE_HOT           epoch=0
2026-03-22T10:44:42 | INFO     | [EPOCH_ARCHIVE ] ARCHIVE                epoch=1 tier=HOT
2026-03-22T10:44:42 | INFO     | [ARCHIVE_MGR   ] EPOCH_ARCHIVED         epoch=1 tier=HOT
2026-03-22T10:45:03 | INFO     | [EPOCH_ARCHIVE ] ARCHIVE                epoch=2 tier=HOT
2026-03-22T10:45:03 | INFO     | [ARCHIVE_MGR   ] EPOCH_ARCHIVED         epoch=2 tier=HOT
2026-03-22T10:45:11 | INFO     | [EPOCH_ARCHIVE ] RETRIEVE_HOT           epoch=2
2026-03-22T10:46:14 | INFO     | [DATA_ARCHIVE  ] ARCHIVE_NODE           node=30711610…84ceec reason=MANUAL_ARCHIVE
