
  You can now view your Streamlit app in your browser.

  Local URL: http://localhost:8503
  Network URL: http://192.168.1.158:8503

[CLIENT] [2025-06-29 15:53:49] [RECEIVED] Obfuscated secret: 5Ociw64C7M53GHhd
[CLIENT] [2025-06-29 15:53:49] [CLIENT] Pattern indexes: [6, 11]
[CLIENT] [2025-06-29 15:53:49] [CLIENT] Random indexes: [13]
[CLIENT] [2025-06-29 15:53:49] [FINGERPRINT] [57, 3, 13, 40, 34, 34, 30, 0, 59, 59, 43, 45, 6, 33, 0, 52]
[CLIENT] [2025-06-29 15:53:49] [NOISY] 5Ociw65C7M54GMhd
[CLIENT] [2025-06-29 15:53:49] [ENCRYPTED] Kok5ySqLCLAxFVI6wrc+x/SCYhET5ysKf2+adlTigV7eYu0Mk8ntpKSEZin/kTPXfsGUSxI=
[CLIENT] [2025-06-29 15:53:49] [CLIENT] Pattern indexes: [6, 11]
[CLIENT] [2025-06-29 15:53:49] [CLIENT] Random indexes: [13]
[CLIENT] [2025-06-29 15:53:49] [RESPONSE] Server: [OK] Authenticated & Decrypted.
[CLIENT] [2025-06-29 15:57:05] [RECEIVED] Obfuscated secret: 8rG5A2SwIm0BKOUr
[CLIENT] [2025-06-29 15:57:05] [CLIENT] Pattern indexes: [12, 6]
[CLIENT] [2025-06-29 15:57:05] [CLIENT] Random indexes: [5]
[CLIENT] [2025-06-29 15:57:05] [FINGERPRINT] [54, 43, 49, 6, 0, 39, 18, 9, 13, 38, 52, 1, 8, 4, 20, 43]
[CLIENT] [2025-06-29 15:57:05] [NOISY] 8rG5AMTwIm0BLOUr
[CLIENT] [2025-06-29 15:57:05] [ENCRYPTED] XHKTiXB0eoPmRoCSScwob4w4S44OAp2bvvDYZqFcjNhPPsR439UxigKmEaqtf+VltPonhws=
[CLIENT] [2025-06-29 15:57:05] [CLIENT] Pattern indexes: [12, 6]
[CLIENT] [2025-06-29 15:57:05] [CLIENT] Random indexes: [5]
[CLIENT] [2025-06-29 15:57:05] [RESPONSE] Server: [OK] Authenticated & Decrypted.
[CLIENT] [2025-06-29 15:57:22] [RECEIVED] Obfuscated secret: uxvgWKw75nbjBcGG
[CLIENT] [2025-06-29 15:57:22] [CLIENT] Pattern indexes: [9, 5]
[CLIENT] [2025-06-29 15:57:22] [CLIENT] Random indexes: [15]
[CLIENT] [2025-06-29 15:57:22] [FINGERPRINT] [31, 9, 21, 39, 61, 10, 10, 48, 57, 39, 19, 35, 19, 55, 58, 8]
[CLIENT] [2025-06-29 15:57:22] [NOISY] uxvgWLw75objBcG7
[CLIENT] [2025-06-29 15:57:22] [ENCRYPTED] KuX8/inz92pyPBcODJ+/NZhIhWB+JyB1ZIXheLlFaak6vQtdYRwiSmawg7AAYSXxnDRNMts=
[CLIENT] [2025-06-29 15:57:22] [CLIENT] Pattern indexes: [9, 5]
[CLIENT] [2025-06-29 15:57:22] [CLIENT] Random indexes: [15]
[CLIENT] [2025-06-29 15:57:22] [RESPONSE] Server: [OK] Authenticated & Decrypted.
[CLIENT] [2025-06-29 15:57:59] [RECEIVED] Obfuscated secret: uFQPrNAOaoUrDTtP
[CLIENT] [2025-06-29 15:57:59] [CLIENT] Pattern indexes: [15, 12]
[CLIENT] [2025-06-29 15:57:59] [CLIENT] Random indexes: [11]
[CLIENT] [2025-06-29 15:57:59] [FINGERPRINT] [27, 5, 16, 15, 43, 33, 11, 14, 60, 30, 44, 23, 3, 19, 45, 15]
[CLIENT] [2025-06-29 15:57:59] [NOISY] uFQPrNAOaoUBETtQ
[CLIENT] [2025-06-29 15:57:59] [ENCRYPTED] bldaezGhsoyCXJE8xan5Rtrs6LaF8sDEnLNgeLvxzdVUkKI7eZf5yO5JWPzUwS6PiBFQBlI=
[CLIENT] [2025-06-29 15:57:59] [CLIENT] Pattern indexes: [15, 12]
[CLIENT] [2025-06-29 15:57:59] [CLIENT] Random indexes: [11]
[CLIENT] [2025-06-29 15:57:59] [RESPONSE] Server: [OK] Authenticated & Decrypted.
[CLIENT] [2025-06-29 15:59:00] [RECEIVED] Obfuscated secret: RjTC3SS81qUUcyOM
[CLIENT] [2025-06-29 15:59:00] [CLIENT] Pattern indexes: [8, 2]
[CLIENT] [2025-06-29 15:59:00] [CLIENT] Random indexes: [10]
[CLIENT] [2025-06-29 15:59:00] [FINGERPRINT] [17, 39, 19, 0, 36, 18, 7, 60, 53, 24, 30, 20, 56, 26, 14, 12]
[CLIENT] [2025-06-29 15:59:00] [NOISY] RjUC3SS82qJUcyOM
[CLIENT] [2025-06-29 15:59:00] [ENCRYPTED] 4UnYbNnfptK75pvA9Wa4FxSbj7uc8ObQBtPZtRwDZ2jrBeiZuwSndfUogEHsH3IObgEegCc=
[CLIENT] [2025-06-29 15:59:00] [CLIENT] Pattern indexes: [8, 2]
[CLIENT] [2025-06-29 15:59:00] [CLIENT] Random indexes: [10]
[CLIENT] [2025-06-29 15:59:00] [RESPONSE] Server: [OK] Authenticated & Decrypted.
