[Server][2025-07-01 12:23:22] [Server] New session started with ID: 27a20b12-21ba-49f7-a778-5c5878408df8
[Server][2025-07-01 12:23:29] [Server] Obfuscated secret: qbtSdLlGBQrDFzRB
[Server][2025-07-01 12:23:29] Pattern indexes: [12, 3]
[Server][2025-07-01 12:23:29] Random indexes: [9]
[Server][2025-07-01 12:23:29] [Server] New session started with ID: 27a20b12-21ba-49f7-a778-5c5878408df8
[Server][2025-07-01 12:23:29] Pattern indexes: [12, 3]
[Server][2025-07-01 12:23:29] Random indexes: [9]
[Server][2025-07-01 12:23:29] [Server] Received fingerprint: qbtTdLlGB7rDGzRB
[Server][2025-07-01 12:23:29] [Server][RECONSTRUCT] Master: t57NleeVkrTjI8Ye
[Server][2025-07-01 12:23:29] [Server] [✓] Payload Decrypted: This is my secure message
[Server][2025-07-01 12:28:22] [Server] New session started with ID: af158c13-a152-4a59-b667-074753c186c1
[Server][2025-07-01 12:28:29] [Server] Obfuscated secret: iMjW0IB6ZPOAPjeG
[Server][2025-07-01 12:28:29] Pattern indexes: [9, 2]
[Server][2025-07-01 12:28:29] Random indexes: [13]
[Server][2025-07-01 12:28:29] [Server] New session started with ID: af158c13-a152-4a59-b667-074753c186c1
[Server][2025-07-01 12:28:29] Pattern indexes: [9, 2]
[Server][2025-07-01 12:28:29] Random indexes: [13]
[Server][2025-07-01 12:28:29] [Server] Received fingerprint: iMkW0IB6ZQOAPKeG
[Server][2025-07-01 12:28:29] [Server][RECONSTRUCT] Master: fKbMvw7W0Eg8XMqM
[Server][2025-07-01 12:28:29] [Server] [✓] Payload Decrypted: This is my secure message
[Server][2025-07-01 12:28:29] [Server] New session started with ID: beb51600-79a3-4feb-b701-d20495ff4e89
[Server][2025-07-01 12:28:36] [Server] Obfuscated secret: qsy0IvzwkSo90pe7
[Server][2025-07-01 12:28:36] Pattern indexes: [14, 5]
[Server][2025-07-01 12:28:36] Random indexes: [13]
[Server][2025-07-01 12:28:36] [Server] New session started with ID: beb51600-79a3-4feb-b701-d20495ff4e89
[Server][2025-07-01 12:28:36] Pattern indexes: [14, 5]
[Server][2025-07-01 12:28:36] Random indexes: [13]
[Server][2025-07-01 12:28:36] [Server] Received fingerprint: qsy0IwzwkSo90rf7
[Server][2025-07-01 12:28:36] [Server][RECONSTRUCT] Master: uMoaI3zaVcm9EvIy
[Server][2025-07-01 14:58:55] [Server] New session started with ID: f5fa6ee1-ec5f-4e2e-8a03-069a9ea81c7f
[Server][2025-07-01 14:59:01] Pattern indexes: [15, 9]
[Server][2025-07-01 14:59:01] Random indexes: [3]
[Server][2025-07-01 14:59:01] [Server] Obfuscated secret: cmIGsGwEZnrllsBD
[Server][2025-07-01 14:59:01] [Server] New session started with ID: f5fa6ee1-ec5f-4e2e-8a03-069a9ea81c7f
[Server][2025-07-01 14:59:01] Pattern indexes: [15, 9]
[Server][2025-07-01 14:59:01] Random indexes: [3]
[Server][2025-07-01 14:59:01] [Server] Received fingerprint: cmIssGwEZorllsBE
[Server][2025-07-01 14:59:01] [Server][RECONSTRUCT] Master: n1Jv7wVwJm3ihTiy
[Server][2025-07-01 14:59:01] [Server] [✓] Payload Decrypted: This is my secure message
[Server][2025-07-01 15:18:46] [Server] New session started with ID: 0f128d30-8263-42aa-9567-915ca70c5166
[Server][2025-07-01 15:18:52] [Server] Obfuscated secret: FC7LmlLXl4wmVYQ5
[Server][2025-07-01 15:18:52] Pattern indexes: [8, 12]
[Server][2025-07-01 15:18:52] Random indexes: [2]
[Server][2025-07-01 15:18:52] [Server] New session started with ID: 0f128d30-8263-42aa-9567-915ca70c5166
[Server][2025-07-01 15:18:52] Pattern indexes: [8, 12]
[Server][2025-07-01 15:18:52] Random indexes: [2]
[Server][2025-07-01 15:18:52] [Server] Received fingerprint: FC7LmlLXm4wmWYQ5
[Server][2025-07-01 15:18:52] [Server][RECONSTRUCT] Master: JUTQChyx5ICOl7Mt
[Server][2025-07-01 15:18:52] [Server] [✓] Payload Decrypted: This is my secure message
[Server][2025-07-01 15:19:54] [Server] New session started with ID: 596911f0-9d95-4846-8d34-84396198bcd4
[Server][2025-07-01 15:20:01] [Server] Obfuscated secret: f3MbETok7JrDEU1O
[Server][2025-07-01 15:20:01] Pattern indexes: [6, 15]
[Server][2025-07-01 15:20:01] Random indexes: [13]
[Server][2025-07-01 15:20:01] [Server] New session started with ID: 596911f0-9d95-4846-8d34-84396198bcd4
[Server][2025-07-01 15:20:01] Pattern indexes: [6, 15]
[Server][2025-07-01 15:20:01] Random indexes: [13]
[Server][2025-07-01 15:20:01] [Server] Received fingerprint: f3MbETpk7JrDEE1P
[Server][2025-07-01 15:20:01] [Server][RECONSTRUCT] Master: DVWmRmGubl1C0DN8
[Server][2025-07-01 15:20:01] [Server] [✓] Payload Decrypted: This is my secure message
[Server][2025-07-01 15:24:23] [Server] New session started with ID: b261d987-6161-4ff2-ada6-907fdaf2669c
[Server][2025-07-01 15:24:29] [Server] Obfuscated secret: S0y3mCxbgCqL12Dh
[Server][2025-07-01 15:24:29] Pattern indexes: [3, 15]
[Server][2025-07-01 15:24:29] Random indexes: [14]
[Server][2025-07-01 15:24:29] [Server] New session started with ID: b261d987-6161-4ff2-ada6-907fdaf2669c
[Server][2025-07-01 15:24:29] Pattern indexes: [3, 15]
[Server][2025-07-01 15:24:29] Random indexes: [14]
[Server][2025-07-01 15:24:29] [Server] Received fingerprint: S0y4mCxbgCqL12li
[Server][2025-07-01 15:24:29] [Server][RECONSTRUCT] Master: iPqBbHazH52fKtta
[Server][2025-07-01 15:24:29] [Server] [✓] Payload Decrypted: This is my secure message
[Server][2025-07-01 15:25:53] [Server] New session started with ID: a3b151e9-574b-465a-ad09-bee6d1341a32
[Server][2025-07-01 15:26:00] [Server] Obfuscated secret: TJKbV627aCxKN6HP
[Server][2025-07-01 15:26:00] Pattern indexes: [0, 3]
[Server][2025-07-01 15:26:00] Random indexes: [1]
[Server][2025-07-01 15:26:00] [Server] New session started with ID: a3b151e9-574b-465a-ad09-bee6d1341a32
[Server][2025-07-01 15:26:00] Pattern indexes: [0, 3]
[Server][2025-07-01 15:26:00] Random indexes: [1]
[Server][2025-07-01 15:26:00] [Server] Received fingerprint: UMKcV627aCxKN6HP
[Server][2025-07-01 15:26:00] [Server][RECONSTRUCT] Master: ksIMZFY18ivxbalu
[Server][2025-07-01 15:26:00] [Server] [✓] Payload Decrypted: This is my secure message
[Server][2025-07-01 15:27:11] [Server] New session started with ID: dae11211-bcf5-4f0d-b341-5bf2899e9c68
[Server][2025-07-01 15:27:17] [Server] Obfuscated secret: kmuBqXgt3Bek7Y2T
[Server][2025-07-01 15:27:17] Pattern indexes: [9, 3]
[Server][2025-07-01 15:27:17] Random indexes: [12]
[Server][2025-07-01 15:27:17] [Server] New session started with ID: dae11211-bcf5-4f0d-b341-5bf2899e9c68
[Server][2025-07-01 15:27:17] Pattern indexes: [9, 3]
[Server][2025-07-01 15:27:17] Random indexes: [12]
[Server][2025-07-01 15:27:17] [Server] Received fingerprint: kmuCqXgt3CekoY2T
[Server][2025-07-01 15:27:17] [Server][RECONSTRUCT] Master: Qf2EI9ADvH2lSFd3
[Server][2025-07-01 15:27:17] [Server] [✓] Payload Decrypted: This is my secure message
[Server][2025-07-01 15:27:27] [Server] New session started with ID: 14362014-a6c7-452f-9953-6b77c2393a2f
[Server][2025-07-01 15:27:33] [Server] Obfuscated secret: YPjnd1vdzTncGLnQ
[Server][2025-07-01 15:27:33] Pattern indexes: [5, 0]
[Server][2025-07-01 15:27:33] Random indexes: [6]
[Server][2025-07-01 15:27:33] [Server] New session started with ID: 14362014-a6c7-452f-9953-6b77c2393a2f
[Server][2025-07-01 15:27:33] Pattern indexes: [5, 0]
[Server][2025-07-01 15:27:33] Random indexes: [6]
[Server][2025-07-01 15:27:33] [Server] Received fingerprint: ZPjnd2zdzTncGLnQ
[Server][2025-07-01 15:27:33] [Server][RECONSTRUCT] Master: gQizfBc32HhdnGOL
[Server][2025-07-01 15:27:33] [Server] [✓] Payload Decrypted: This is my secure message
[Server][2025-07-01 17:11:28] [Server] New session started with ID: 1c539e73-c2b9-47a3-a4cd-8f3a6595898c
[Server][2025-07-01 17:11:30] [Server] New session started with ID: 2c654f95-90bd-4980-84b2-00942397e4f0
[Server][2025-07-01 17:11:35] [Server] Obfuscated secret: fBEjz58FArX82vJJ
[Server][2025-07-01 17:11:35] Pattern indexes: [0, 3]
[Server][2025-07-01 17:11:35] Random indexes: [2]
[Server][2025-07-01 17:11:35] [Server] New session started with ID: 1c539e73-c2b9-47a3-a4cd-8f3a6595898c
[Server][2025-07-01 17:11:35] Pattern indexes: [0, 3]
[Server][2025-07-01 17:11:35] Random indexes: [2]
[Server][2025-07-01 17:11:35] [Server] Received fingerprint: gBNkz58FArX82vJJ
[Server][2025-07-01 17:11:35] [Server][RECONSTRUCT] Master: JsmFONFfWS5Jouav
[Server][2025-07-01 17:11:35] [Server] [✓] Payload Decrypted: This is my secure message
[Server][2025-07-01 17:11:37] [Server] Obfuscated secret: FC7AVCQivvfwGvRp
[Server][2025-07-01 17:11:37] Pattern indexes: [13, 3]
[Server][2025-07-01 17:11:37] Random indexes: [12]
[Server][2025-07-01 17:11:37] [Server] New session started with ID: 2c654f95-90bd-4980-84b2-00942397e4f0
[Server][2025-07-01 17:11:37] Pattern indexes: [13, 3]
[Server][2025-07-01 17:11:37] Random indexes: [12]
[Server][2025-07-01 17:11:37] [Server] Received fingerprint: FC7BVCQivvfwWwRp
[Server][2025-07-01 17:11:37] [Server][RECONSTRUCT] Master: mNFf07Rt4Y5Ure0d
[Server][2025-07-01 17:11:37] [Server] [✓] Payload Decrypted: This is my secure message
[Server][2025-07-02 21:32:08] [Server] New session started with ID: a7ccf097-5a9f-4cf1-922c-6d2da448b283
[Server][2025-07-02 21:32:14] [Server] Obfuscated secret: sKgSBOJWmq6noCZ6
[Server][2025-07-02 21:32:14] Pattern indexes: [13, 1]
[Server][2025-07-02 21:32:14] Random indexes: [7]
[Server][2025-07-02 21:32:14] [Server] New session started with ID: a7ccf097-5a9f-4cf1-922c-6d2da448b283
[Server][2025-07-02 21:32:14] Pattern indexes: [13, 1]
[Server][2025-07-02 21:32:14] Random indexes: [7]
[Server][2025-07-02 21:32:14] [Server] Received fingerprint: sLgSBOJpmq6noDZ6
[Server][2025-07-02 21:32:14] [Server][RECONSTRUCT] Master: z4FsVUINEM9te88W
[Server][2025-07-02 21:32:14] [Server] [✓] Payload Decrypted: This is my secure message
[Server][2025-07-07 15:28:28] [Server] New session started with ID: b634280a-5a00-4e96-a0f6-9a79bad235a9
[Server][2025-07-07 15:28:31] [Server] New session started with ID: b5fc871d-1f51-4c4a-99e3-320a6f1bdb0a
[Server][2025-07-07 15:28:43] [Server] Obfuscated secret: zAgl2J0jQJA7bBoe
[Server][2025-07-07 15:28:43] Pattern indexes: [2, 1]
[Server][2025-07-07 15:28:43] Random indexes: [8]
[Server][2025-07-07 15:28:43] [Server] New session started with ID: b634280a-5a00-4e96-a0f6-9a79bad235a9
[Server][2025-07-07 15:28:43] Pattern indexes: [2, 1]
[Server][2025-07-07 15:28:43] Random indexes: [8]
[Server][2025-07-07 15:28:43] [Server] Received fingerprint: zBhl2J0j1JA7bBoe
[Server][2025-07-07 15:28:43] Pattern indexes: [1, 13]
[Server][2025-07-07 15:28:43] Random indexes: [14]
[Server][2025-07-07 15:28:43] [Server] Obfuscated secret: AxFucALmKjHVMohE
[Server][2025-07-07 15:28:43] [Server] New session started with ID: b5fc871d-1f51-4c4a-99e3-320a6f1bdb0a
[Server][2025-07-07 15:28:43] Pattern indexes: [1, 13]
[Server][2025-07-07 15:28:43] Random indexes: [14]
[Server][2025-07-07 15:28:43] [Server] Received fingerprint: AyFucALmKjHVMpdE
[Server][2025-07-07 15:28:43] [Server][RECONSTRUCT] Master: FKjViX2uYHdMYHqA
[Server][2025-07-07 15:28:43] [Server] [✓] Payload Decrypted: This is my secure message
[Server][2025-07-07 15:28:43] [Server][RECONSTRUCT] Master: p6SYEZq8RVAGdS9B
[Server][2025-07-07 15:28:43] [Server] [✓] Payload Decrypted: This is my secure message
[Server][2025-07-07 15:29:35] [Server] New session started with ID: 4211228d-3f56-4624-9c1b-f19a6adcb3b3
[Server][2025-07-07 15:29:40] [Server] New session started with ID: 47f215b0-9046-4082-add9-1fa20ec9e76b
[Server][2025-07-07 15:29:43] Pattern indexes: [13, 10]
[Server][2025-07-07 15:29:43] Random indexes: [5]
[Server][2025-07-07 15:29:43] [Server] Obfuscated secret: vuDCqe0WbO4tOWNx
[Server][2025-07-07 15:29:43] [Server] New session started with ID: 4211228d-3f56-4624-9c1b-f19a6adcb3b3
[Server][2025-07-07 15:29:43] Pattern indexes: [13, 10]
[Server][2025-07-07 15:29:43] Random indexes: [5]
[Server][2025-07-07 15:29:43] [Server] Received fingerprint: vuDCqK0WbO5tOXNx
[Server][2025-07-07 15:29:43] [Server][RECONSTRUCT] Master: luOon5UCTkk4EFTK
[Server][2025-07-07 15:29:43] [Server] [✓] Payload Decrypted: This is my secure message
[Server][2025-07-07 15:29:47] [Server] Obfuscated secret: 09FkrhclKuRyK8vk
[Server][2025-07-07 15:29:47] Pattern indexes: [7, 9]
[Server][2025-07-07 15:29:47] Random indexes: [14]
[Server][2025-07-07 15:29:47] [Server] New session started with ID: 47f215b0-9046-4082-add9-1fa20ec9e76b
[Server][2025-07-07 15:29:47] Pattern indexes: [7, 9]
[Server][2025-07-07 15:29:47] Random indexes: [14]
[Server][2025-07-07 15:29:47] [Server] Received fingerprint: 09FkrhcmKvRyK8mk
[Server][2025-07-07 15:29:47] [Server][RECONSTRUCT] Master: vPlw1DFj8zT3MSZD
[Server][2025-07-07 15:29:47] [Server] [✓] Payload Decrypted: This is my secure message
[Server][2025-07-07 15:30:34] [Server] New session started with ID: 68891be9-e9a5-411c-8537-f23aa7a0fd15
[Server][2025-07-07 15:30:37] [Server] New session started with ID: e6660ce6-812a-49d4-921f-48a7b37b236a
[Server][2025-07-07 15:30:43] [Server] Obfuscated secret: G2ZTe4flzLGcQ15q
[Server][2025-07-07 15:30:43] Pattern indexes: [9, 4]
[Server][2025-07-07 15:30:43] Random indexes: [13]
[Server][2025-07-07 15:30:43] [Server] New session started with ID: 68891be9-e9a5-411c-8537-f23aa7a0fd15
[Server][2025-07-07 15:30:43] Pattern indexes: [9, 4]
[Server][2025-07-07 15:30:43] Random indexes: [13]
[Server][2025-07-07 15:30:43] [Server] Received fingerprint: G2ZTf4flzMGcQh5q
[Server][2025-07-07 15:30:43] [Server][RECONSTRUCT] Master: 0TO71jAZvU8NG5jT
[Server][2025-07-07 15:30:43] [Server] [✓] Payload Decrypted: This is my secure message
[Server][2025-07-07 15:30:45] [Server] Obfuscated secret: DsRG6iVs0zgInOis
[Server][2025-07-07 15:30:45] Pattern indexes: [14, 11]
[Server][2025-07-07 15:30:45] Random indexes: [7]
[Server][2025-07-07 15:30:45] [Server] New session started with ID: e6660ce6-812a-49d4-921f-48a7b37b236a
[Server][2025-07-07 15:30:45] Pattern indexes: [14, 11]
[Server][2025-07-07 15:30:45] Random indexes: [7]
[Server][2025-07-07 15:30:45] [Server] Received fingerprint: DsRG6iVX0zgJnOjs
[Server][2025-07-07 15:30:45] [Server][RECONSTRUCT] Master: jZJC1vHf0A34DwFr
[Server][2025-07-07 15:30:45] [Server] [✓] Payload Decrypted: This is my secure message
[Server][2025-07-07 15:32:03] [Server] New session started with ID: f0df7da9-1b98-45de-9dc3-8c92b5532c9e
[Server][2025-07-07 15:32:09] [Server] Obfuscated secret: exaIBMRJrtbZhyvj
[Server][2025-07-07 15:32:09] Pattern indexes: [4, 12]
[Server][2025-07-07 15:32:09] Random indexes: [15]
[Server][2025-07-07 15:32:09] [Server] New session started with ID: f0df7da9-1b98-45de-9dc3-8c92b5532c9e
[Server][2025-07-07 15:32:09] Pattern indexes: [4, 12]
[Server][2025-07-07 15:32:09] Random indexes: [15]
[Server][2025-07-07 15:32:09] [Server] Received fingerprint: exaICMRJrtbZiyvi
[Server][2025-07-07 15:32:09] [Server][RECONSTRUCT] Master: k5bRjobMQphzwg9q
[Server][2025-07-07 15:32:09] [Server] [✓] Payload Decrypted: This is my secure message
[Server][2025-07-07 15:34:10] [Server] New session started with ID: 48632511-9279-4553-bb05-230205918abe
[Server][2025-07-07 15:34:17] [Server] Obfuscated secret: HcV8LI7m1EwmYFsv
[Server][2025-07-07 15:34:17] Pattern indexes: [13, 2]
[Server][2025-07-07 15:34:17] Random indexes: [8]
[Server][2025-07-07 15:34:17] [Server] New session started with ID: 48632511-9279-4553-bb05-230205918abe
[Server][2025-07-07 15:34:17] Pattern indexes: [13, 2]
[Server][2025-07-07 15:34:17] Random indexes: [8]
[Server][2025-07-07 15:34:17] [Server] Received fingerprint: HcW8LI7mBEwmYGsv
[Server][2025-07-07 15:34:17] [Server][RECONSTRUCT] Master: ons9TahCZzQusMUN
[Server][2025-07-07 15:34:17] [Server] [✓] Payload Decrypted: This is my secure message
[Server][2025-07-07 15:35:51] [Server] New session started with ID: 3f6381c8-f3a4-4122-b8ce-e88c5e2dac37
[Server][2025-07-07 15:35:57] [Server] Obfuscated secret: UMn4EzISGKgCRKdY
[Server][2025-07-07 15:35:57] Pattern indexes: [7, 8]
[Server][2025-07-07 15:35:57] Random indexes: [6]
[Server][2025-07-07 15:35:57] [Server] New session started with ID: 3f6381c8-f3a4-4122-b8ce-e88c5e2dac37
[Server][2025-07-07 15:35:57] Pattern indexes: [7, 8]
[Server][2025-07-07 15:35:57] Random indexes: [6]
[Server][2025-07-07 15:35:57] [Server] Received fingerprint: UMn4EznTHKgCRKdY
[Server][2025-07-07 15:35:57] [Server][RECONSTRUCT] Master: CqrhBFusKg8NLoLo
[Server][2025-07-07 15:35:57] [Server] [✓] Payload Decrypted: This is my secure message
[Server][2025-07-07 15:37:13] [Server] New session started with ID: 11d7a0cf-afaa-45d9-bd63-e6c17afd45e7
[Server][2025-07-07 15:37:19] [Server] Obfuscated secret: I8312hUcYwrHYFWr
[Server][2025-07-07 15:37:19] Pattern indexes: [7, 0]
[Server][2025-07-07 15:37:19] Random indexes: [5]
[Server][2025-07-07 15:37:19] [Server] New session started with ID: 11d7a0cf-afaa-45d9-bd63-e6c17afd45e7
[Server][2025-07-07 15:37:19] Pattern indexes: [7, 0]
[Server][2025-07-07 15:37:19] Random indexes: [5]
[Server][2025-07-07 15:37:19] [Server] Received fingerprint: J8312NUdYwrHYFWr
[Server][2025-07-07 15:37:19] [Server][RECONSTRUCT] Master: VUWvRfgGHjXwl8EA
[Server][2025-07-07 15:37:19] [Server] [✓] Payload Decrypted: This is my secure message
[Server][2025-07-07 15:38:28] [Server] New session started with ID: 7fc0ac37-e7cf-4c65-8689-3dcda25a0e3b
[Server][2025-07-07 15:38:34] [Server] Obfuscated secret: 7Fd7iLqq1pGHZkeL
[Server][2025-07-07 15:38:34] Pattern indexes: [7, 11]
[Server][2025-07-07 15:38:34] Random indexes: [15]
[Server][2025-07-07 15:38:34] [Server] New session started with ID: 7fc0ac37-e7cf-4c65-8689-3dcda25a0e3b
[Server][2025-07-07 15:38:34] Pattern indexes: [7, 11]
[Server][2025-07-07 15:38:34] Random indexes: [15]
[Server][2025-07-07 15:38:34] [Server] Received fingerprint: 7Fd7iLqr1pGIZkeE
[Server][2025-07-07 15:38:34] [Server][RECONSTRUCT] Master: v8au1gPhiWgmmCv6
[Server][2025-07-07 15:38:34] [Server] [✓] Payload Decrypted: This is my secure message
[Server][2025-07-07 15:39:16] [Server] New session started with ID: 9b9e9435-7bb9-4d57-9f36-ab7bebc7fda9
[Server][2025-07-07 15:39:22] [Server] Obfuscated secret: omwnfUfJSdaf7BWJ
[Server][2025-07-07 15:39:22] Pattern indexes: [9, 0]
[Server][2025-07-07 15:39:22] Random indexes: [1]
[Server][2025-07-07 15:39:22] [Server] New session started with ID: 9b9e9435-7bb9-4d57-9f36-ab7bebc7fda9
[Server][2025-07-07 15:39:22] Pattern indexes: [9, 0]
[Server][2025-07-07 15:39:22] Random indexes: [1]
[Server][2025-07-07 15:39:22] [Server] Received fingerprint: p8wnfUfJSeaf7BWJ
[Server][2025-07-07 15:39:22] [Server][RECONSTRUCT] Master: k0GDXG4FB8uGo7gb
[Server][2025-07-07 15:39:22] [Server] [✓] Payload Decrypted: This is my secure message
[Server][2025-07-07 15:39:47] [Server] New session started with ID: 368d7d8f-d37a-4ba9-b601-5dc47f9378b5
[Server][2025-07-07 15:39:54] [Server] Obfuscated secret: DYPrxxrrzmFfcImc
[Server][2025-07-07 15:39:54] Pattern indexes: [12, 4]
[Server][2025-07-07 15:39:54] Random indexes: [1]
[Server][2025-07-07 15:39:54] [Server] New session started with ID: 368d7d8f-d37a-4ba9-b601-5dc47f9378b5
[Server][2025-07-07 15:39:54] Pattern indexes: [12, 4]
[Server][2025-07-07 15:39:54] Random indexes: [1]
[Server][2025-07-07 15:39:54] [Server] Received fingerprint: DYPryxrrzmFfdImc
[Server][2025-07-07 15:39:54] [Server][RECONSTRUCT] Master: R5X71WJsYnflfRfj
[Server][2025-07-07 15:39:54] [Server] [✓] Payload Decrypted: This is my secure message
[Server][2025-07-07 15:40:26] [Server] New session started with ID: 5461d107-847d-4c41-968f-cbc7acf20187
[Server][2025-07-07 15:40:32] [Server] Obfuscated secret: 55AsyvMdhb1jAvXc
[Server][2025-07-07 15:40:32] Pattern indexes: [14, 1]
[Server][2025-07-07 15:40:32] Random indexes: [11]
[Server][2025-07-07 15:40:32] [Server] New session started with ID: 5461d107-847d-4c41-968f-cbc7acf20187
[Server][2025-07-07 15:40:32] Pattern indexes: [14, 1]
[Server][2025-07-07 15:40:32] Random indexes: [11]
[Server][2025-07-07 15:40:32] [Server] Received fingerprint: 56AsyvMdhb1xAvYc
[Server][2025-07-07 15:40:32] [Server][RECONSTRUCT] Master: wnGU575E5aM22MJJ
[Server][2025-07-07 15:42:57] [Server] New session started with ID: 79626afa-573e-4bc5-982d-f98ed2e62ecc
[Server][2025-07-07 15:43:08] [Server] Obfuscated secret: 0KYjs1VaSeIiBGwD
[Server][2025-07-07 15:43:08] Pattern indexes: [3, 7]
[Server][2025-07-07 15:43:08] Random indexes: [8]
[Server][2025-07-07 15:43:08] [Server] New session started with ID: 79626afa-573e-4bc5-982d-f98ed2e62ecc
[Server][2025-07-07 15:43:08] Pattern indexes: [3, 7]
[Server][2025-07-07 15:43:08] Random indexes: [8]
[Server][2025-07-07 15:43:08] [Server] Received fingerprint: 0KYks1VbBeIiBGwD
[Server][2025-07-07 15:43:08] [Server][RECONSTRUCT] Master: 0LS7ap9wH8rYYDFD
[Server][2025-07-07 15:43:08] [Server] [✓] Payload Decrypted: This is my secure message
[Server][2025-07-07 15:43:54] [Server] New session started with ID: 0c15dac0-00ac-416d-9c90-d787efcb7b8e
[Server][2025-07-07 15:44:01] [Server] Obfuscated secret: tVrHMmMDxgGhAKcY
[Server][2025-07-07 15:44:01] Pattern indexes: [11, 9]
[Server][2025-07-07 15:44:01] Random indexes: [6]
[Server][2025-07-07 15:44:01] [Server] New session started with ID: 0c15dac0-00ac-416d-9c90-d787efcb7b8e
[Server][2025-07-07 15:44:01] Pattern indexes: [11, 9]
[Server][2025-07-07 15:44:01] Random indexes: [6]
[Server][2025-07-07 15:44:01] [Server] Received fingerprint: tVrHMmADxhGiAKcY
[Server][2025-07-07 15:44:01] [Server][RECONSTRUCT] Master: haj1H1A8qBsfrpna
[Server][2025-07-07 15:44:01] [Server] [✓] Payload Decrypted: This is my secure message
[Server][2025-07-07 15:45:41] [Server] New session started with ID: 7f9ca688-b86a-4821-b629-5af6bd54ea86
[Server][2025-07-07 15:45:48] [Server] Obfuscated secret: 3qx8yDoM9t9pGo4M
[Server][2025-07-07 15:45:48] Pattern indexes: [14, 10]
[Server][2025-07-07 15:45:48] Random indexes: [2]
[Server][2025-07-07 15:45:48] [Server] New session started with ID: 7f9ca688-b86a-4821-b629-5af6bd54ea86
[Server][2025-07-07 15:45:48] Pattern indexes: [14, 10]
[Server][2025-07-07 15:45:48] Random indexes: [2]
[Server][2025-07-07 15:45:48] [Server] Received fingerprint: 3qp8yDoM9tApGo5M
[Server][2025-07-07 15:45:48] [Server][RECONSTRUCT] Master: LHWYSNprDtoSBD1B
[Server][2025-07-07 15:45:48] [Server] [✓] Payload Decrypted: This is my secure message
[Server][2025-07-07 15:46:41] [Server] New session started with ID: 15e021d0-f61a-48d3-a4c1-04e5ad35aba3
[Server][2025-07-07 15:46:47] [Server] Obfuscated secret: Q0Tix6lDvzqgAQSp
[Server][2025-07-07 15:46:47] Pattern indexes: [13, 10]
[Server][2025-07-07 15:46:47] Random indexes: [0]
[Server][2025-07-07 15:46:47] [Server] New session started with ID: 15e021d0-f61a-48d3-a4c1-04e5ad35aba3
[Server][2025-07-07 15:46:47] Pattern indexes: [13, 10]
[Server][2025-07-07 15:46:47] Random indexes: [0]
[Server][2025-07-07 15:46:47] [Server] Received fingerprint: z0Tix6lDvzrgARSp
[Server][2025-07-07 15:46:47] [Server][RECONSTRUCT] Master: mAD1kBUDZ93sATX3
[Server][2025-07-07 15:46:47] [Server] [✓] Payload Decrypted: This is my secure message
[Server][2025-07-07 15:47:35] [Server] New session started with ID: 315736b2-d098-4513-b800-89f6f95ef2d9
[Server][2025-07-07 15:47:43] [Server] Obfuscated secret: 3GLisaPO9XWGUUmj
[Server][2025-07-07 15:47:43] Pattern indexes: [12, 13]
[Server][2025-07-07 15:47:43] Random indexes: [7]
[Server][2025-07-07 15:47:43] [Server] New session started with ID: 315736b2-d098-4513-b800-89f6f95ef2d9
[Server][2025-07-07 15:47:43] Pattern indexes: [12, 13]
[Server][2025-07-07 15:47:43] Random indexes: [7]
[Server][2025-07-07 15:47:43] [Server] Received fingerprint: 3GLisaPN9XWGVVmj
[Server][2025-07-07 15:47:43] [Server][RECONSTRUCT] Master: xki1QKs3RrqSAIRn
[Server][2025-07-07 15:47:43] [Server] [✓] Payload Decrypted: This is my secure message
[Server][2025-07-07 15:59:12] [Server] New session started with ID: db5bae80-2ec9-4120-ba35-4099823c2bd6
[Server][2025-07-07 15:59:18] Pattern indexes: [5, 15]
[Server][2025-07-07 15:59:18] Random indexes: [6]
[Server][2025-07-07 15:59:18] [Server] Obfuscated secret: QaqnNgvEvNmNgVou
[Server][2025-07-07 15:59:18] [Server] New session started with ID: db5bae80-2ec9-4120-ba35-4099823c2bd6
[Server][2025-07-07 15:59:18] Pattern indexes: [5, 15]
[Server][2025-07-07 15:59:18] Random indexes: [6]
[Server][2025-07-07 15:59:18] [Server] Received fingerprint: QaqnNhvEvNmNgVov
[Server][2025-07-07 15:59:18] [Server][RECONSTRUCT] Master: HVnRuP9QcQJYhakp
[Server][2025-07-07 15:59:18] [Server] [✓] Payload Decrypted: This is my secure message
[Server][2025-07-07 16:07:47] [Server] New session started with ID: 0ed09e73-b297-4973-b81e-d4b1a3e09e86
[Server][2025-07-07 16:07:54] [Server] Obfuscated secret: myhGgjYeiiYFT7bc
[Server][2025-07-07 16:07:54] Pattern indexes: [10, 13]
[Server][2025-07-07 16:07:54] Random indexes: [11]
[Server][2025-07-07 16:07:54] [Server] New session started with ID: 0ed09e73-b297-4973-b81e-d4b1a3e09e86
[Server][2025-07-07 16:07:54] Pattern indexes: [10, 13]
[Server][2025-07-07 16:07:54] Random indexes: [11]
[Server][2025-07-07 16:07:54] [Server] Received fingerprint: myhGgjYeiiZ0T8bc
[Server][2025-07-07 16:07:54] [Server][RECONSTRUCT] Master: 1K4YxwcSd4symiJw
[Server][2025-07-07 16:07:54] [Server] [✓] Payload Decrypted: This is my secure message
[Server][2025-07-07 16:08:24] [Server] New session started with ID: 6f54486a-ef14-450d-ad34-8f8d2beae4b5
[Server][2025-07-07 16:08:31] [Server] Obfuscated secret: NO390yeOOZUU6atK
[Server][2025-07-07 16:08:31] Pattern indexes: [9, 8]
[Server][2025-07-07 16:08:31] Random indexes: [7]
[Server][2025-07-07 16:08:31] [Server] New session started with ID: 6f54486a-ef14-450d-ad34-8f8d2beae4b5
[Server][2025-07-07 16:08:31] Pattern indexes: [9, 8]
[Server][2025-07-07 16:08:31] Random indexes: [7]
[Server][2025-07-07 16:08:31] [Server] Received fingerprint: NO390yeDPaUU6atK
[Server][2025-07-07 16:08:31] [Server][RECONSTRUCT] Master: nQLbcpWilmlmtT5K
[Server][2025-07-08 12:12:45] [Server] New session started with ID: 334f0bd4-57ed-4540-aeb7-674e4264c636
[Server][2025-07-08 12:12:51] [Server] Obfuscated secret: C6CP9gx8peHZLqXh
[Server][2025-07-08 12:12:51] Pattern indexes: [6, 15]
[Server][2025-07-08 12:12:51] Random indexes: [13]
[Server][2025-07-08 12:12:51] [Server] New session started with ID: 334f0bd4-57ed-4540-aeb7-674e4264c636
[Server][2025-07-08 12:12:51] Pattern indexes: [6, 15]
[Server][2025-07-08 12:12:51] Random indexes: [13]
[Server][2025-07-08 12:12:51] [Server] Received fingerprint: C6CP9gy8peHZLwXi
[Server][2025-07-08 12:12:51] [Server][RECONSTRUCT] Master: ENCByst2B5BLDuLg
[Server][2025-07-08 12:12:51] [Server] [✓] Payload Decrypted: This is my secure message
